[dotenv@17.3.1] injecting env (10) from .env -- tip: 🛠️  run anywhere with `dotenvx run -- yourcommand`
Running backend in MOCK_MODE (MongoDB disabled).
Server running on port 5000
[0mPOST /api/auth/login [32m200[0m 1.704 ms - 240[0m
[0mGET /api/admin/dashboard/analytics [32m200[0m 0.826 ms - 567[0m
[0mGET /api/admin/students [32m200[0m 0.589 ms - 1241[0m
[0mPOST /api/auth/login [32m200[0m 0.223 ms - 240[0m
[0mPOST /api/auth/login [32m200[0m 0.286 ms - 478[0m
[0mPOST /api/auth/login [32m200[0m 0.177 ms - 500[0m
[0mGET /api/auth/me [32m200[0m 0.400 ms - 173[0m
[0mGET /api/auth/me [32m200[0m 0.205 ms - 414[0m
[0mGET /api/auth/me [32m200[0m 0.268 ms - 436[0m
[0mGET /api/student/dashboard [32m200[0m 1.904 ms - 3317[0m
[0mGET /api/student/profile [32m200[0m 0.319 ms - 436[0m
[0mGET /api/student/profile-edit-requests [32m200[0m 0.369 ms - 384[0m
[0mGET /api/student/courses [32m200[0m 0.380 ms - 1919[0m
[0mGET /api/student/timetable [32m200[0m 0.221 ms - 574[0m
[0mGET /api/student/attendance [32m200[0m 0.447 ms - 322[0m
[0mGET /api/student/marks [32m200[0m 0.300 ms - 521[0m
[0mGET /api/student/notices [32m200[0m 0.186 ms - 435[0m
[0mGET /api/student/exam-schedule [32m200[0m 0.300 ms - 741[0m
[0mGET /api/student/assignments [32m200[0m 0.294 ms - 796[0m
[0mPOST /api/student/assignments/as1/submit [32m200[0m 0.430 ms - 298[0m
[0mGET /api/student/fees [32m200[0m 0.381 ms - 334[0m
[0mGET /api/teacher/dashboard [32m200[0m 0.664 ms - 1967[0m
[0mGET /api/teacher/courses [32m200[0m 0.321 ms - 686[0m
[0mGET /api/teacher/courses/c1/students [32m200[0m 0.445 ms - 1541[0m
[0mGET /api/teacher/courses/c1/students [32m200[0m 0.199 ms - 1541[0m
[0mPOST /api/teacher/attendance [32m200[0m 0.245 ms - 108[0m
[0mPOST /api/teacher/marks [32m201[0m 0.240 ms - 331[0m
[0mPOST /api/teacher/assignments [32m201[0m 0.281 ms - 288[0m
[0mGET /api/teacher/assignments [32m200[0m 0.437 ms - 984[0m
[0mPOST /api/teacher/announcements [32m201[0m 0.318 ms - 293[0m
[0mGET /api/admin/dashboard/analytics [32m200[0m 0.237 ms - 567[0m
[0mGET /api/admin/students [32m200[0m 0.207 ms - 1241[0m
[0mGET /api/admin/teachers [32m200[0m 0.441 ms - 787[0m
[0mGET /api/admin/courses [32m200[0m 0.328 ms - 1364[0m
[0mGET /api/admin/enrollments [32m200[0m 0.399 ms - 3655[0m
[0mGET /api/admin/academic-sessions [32m200[0m 0.270 ms - 255[0m
[0mGET /api/admin/notices [32m200[0m 0.421 ms - 1147[0m
[0mPOST /api/admin/students [32m201[0m 0.309 ms - 520[0m
[0mPOST /api/admin/teachers [32m201[0m 0.365 ms - 491[0m
[0mPOST /api/admin/courses [32m201[0m 0.320 ms - 343[0m
[0mPOST /api/admin/enrollments [32m201[0m 0.216 ms - 272[0m
[0mPOST /api/admin/academic-sessions [32m201[0m 0.270 ms - 285[0m
[0mPOST /api/admin/notices [32m201[0m 0.224 ms - 317[0m
[0mPUT /api/admin/students/u_dd5bf302 [32m200[0m 0.428 ms - 306[0m
[0mPUT /api/admin/teachers/u_6a77bc9d [32m200[0m 0.430 ms - 313[0m
[0mPUT /api/admin/courses/c_a97b8f30 [32m200[0m 0.454 ms - 376[0m
[0mPOST /api/admin/courses/c_a97b8f30/assign-teacher [32m200[0m 0.413 ms - 378[0m
[0mPUT /api/admin/academic-sessions/sess_68a248e5 [32m200[0m 0.417 ms - 285[0m
[0mPOST /api/auth/login [32m200[0m 0.196 ms - 500[0m
[0mPOST /api/student/profile-edit-requests [32m201[0m 0.370 ms - 427[0m
[0mPATCH /api/admin/profile-edit-requests/per_342841c7/review [32m200[0m 0.526 ms - 573[0m
[0mDELETE /api/admin/enrollments/enr_2ed01cce [32m200[0m 0.334 ms - 61[0m
[0mDELETE /api/admin/notices/n_74b80711 [32m200[0m 0.610 ms - 57[0m
[0mDELETE /api/admin/academic-sessions/sess_68a248e5 [32m200[0m 0.339 ms - 67[0m
[0mDELETE /api/admin/courses/c_a97b8f30 [32m200[0m 0.292 ms - 57[0m
[0mDELETE /api/admin/students/u_dd5bf302 [32m200[0m 0.228 ms - 58[0m
[0mDELETE /api/admin/teachers/u_6a77bc9d [32m200[0m 0.230 ms - 58[0m
[0mPOST /api/auth/login [32m200[0m 0.295 ms - 240[0m
[0mPOST /api/admin/students [32m201[0m 0.194 ms - 505[0m
[0mPUT /api/admin/students/u_dfd93b9c [32m200[0m 0.217 ms - 315[0m
[0mGET /api/admin/students [32m200[0m 0.175 ms - 1648[0m
[0mPOST /api/auth/login [32m200[0m 0.193 ms - 240[0m
[0mPOST /api/admin/teachers [32m201[0m 0.173 ms - 482[0m
[0mPUT /api/admin/teachers/u_070823d6 [32m200[0m 0.215 ms - 321[0m
[0mGET /api/admin/teachers [32m200[0m 0.137 ms - 1163[0m
[0mPOST /api/admin/courses [32m201[0m 0.173 ms - 332[0m
[0mPUT /api/admin/courses/c_800e1d7d [32m200[0m 0.120 ms - 352[0m
[0mGET /api/admin/courses [32m200[0m 0.132 ms - 1776[0m
[0mPOST /api/auth/login [32m200[0m 0.211 ms - 240[0m
[0mPOST /api/admin/students [32m201[0m 0.302 ms - 506[0m
[0mPUT /api/admin/students/u_3313c52d [32m200[0m 0.232 ms - 316[0m
[0mGET /api/admin/students [32m200[0m 0.193 ms - 2056[0m
[0mPOST /api/admin/teachers [32m201[0m 0.236 ms - 483[0m
[0mPUT /api/admin/teachers/u_87e01bb7 [32m200[0m 0.186 ms - 322[0m
[0mGET /api/admin/teachers [32m200[0m 0.139 ms - 1540[0m
[0mPOST /api/admin/courses [32m201[0m 0.198 ms - 332[0m
[0mPUT /api/admin/courses/c_8ed698ae [32m200[0m 0.122 ms - 352[0m
[0mGET /api/admin/courses [32m200[0m 0.137 ms - 2189[0m
